Arguments: 
  /usr/local/bin/node /usr/local/Cellar/yarn/1.22.10/libexec/bin/yarn.js

PATH: 
  /usr/local/bin:/usr/bin:/bin:/usr/sbin:/sbin:/Users/bholcomb/flutter/bin:/Library/Apple/usr/bin

Yarn version: 
  1.22.10

Node version: 
  14.16.0

Platform: 
  darwin x64

Trace: 
  Error: https://registry.npmjs.intuit.com/@babel%2fcore: Request "https://registry.npmjs.intuit.com/@babel%2fcore" returned a 403
      at Request.params.callback [as _callback] (/usr/local/Cellar/yarn/1.22.10/libexec/lib/cli.js:66997:18)
      at Request.self.callback (/usr/local/Cellar/yarn/1.22.10/libexec/lib/cli.js:140749:22)
      at Request.emit (events.js:315:20)
      at Request.<anonymous> (/usr/local/Cellar/yarn/1.22.10/libexec/lib/cli.js:141721:10)
      at Request.emit (events.js:315:20)
      at IncomingMessage.<anonymous> (/usr/local/Cellar/yarn/1.22.10/libexec/lib/cli.js:141643:12)
      at Object.onceWrapper (events.js:421:28)
      at IncomingMessage.emit (events.js:327:22)
      at endReadableNT (internal/streams/readable.js:1327:12)
      at processTicksAndRejections (internal/process/task_queues.js:80:21)

npm manifest: 
  {
      "repository": "#",
      "license": "UNLICENSED",
      "scripts": {
          "build": "webpack --config ./bundler/webpack.prod.js",
          "dev": "webpack serve --config ./bundler/webpack.dev.js"
      },
      "dependencies": {
          "@babel/core": "^7.14.6",
          "@babel/preset-env": "^7.14.7",
          "babel-loader": "^8.2.2",
          "clean-webpack-plugin": "^3.0.0",
          "copy-webpack-plugin": "^9.0.1",
          "css-loader": "^5.2.6",
          "file-loader": "^6.2.0",
          "html-loader": "^2.1.2",
          "html-webpack-plugin": "^5.3.2",
          "mini-css-extract-plugin": "^2.0.0",
          "portfinder-sync": "0.0.2",
          "raw-loader": "^4.0.2",
          "style-loader": "^3.0.0",
          "three": "^0.130.0",
          "webpack": "^5.41.1",
          "webpack-cli": "^4.7.2",
          "webpack-dev-server": "^3.11.2",
          "webpack-merge": "^5.8.0"
      }
  }

yarn manifest: 
  No manifest

Lockfile: 
  No lockfile
